<?xml version='1.0' encoding='UTF-8'?>
<message:AIXMBasicMessage xmlns:message="http://www.aixm.aero/schema/5.1/message" xmlns:gts="http://www.isotc211.org/2005/gts" xmlns:gco="http://www.isotc211.org/2005/gco" xmlns:xsd="http://www.w3.org/2001/XMLSchema" xmlns:gml="http://www.opengis.net/gml/3.2" xmlns:gss="http://www.isotc211.org/2005/gss" xmlns:aixm="http://www.aixm.aero/schema/5.1" xmlns:gsr="http://www.isotc211.org/2005/gsr" xmlns:gmd="http://www.isotc211.org/2005/gmd" xmlns:event="http://www.aixm.aero/schema/5.1/event" xmlns:xlink="http://www.w3.org/1999/xlink" xmlns:xsi="http://www.w3.org/2001/XMLSchema-instance" xsi:schemaLocation="http://www.aixm.aero/schema/5.1/message http://www.aixm.aero/schema/5.1/message/AIXM_BasicMessage.xsd http://www.aixm.aero/schema/5.1/event http://www.aixm.aero/schema/5.1/event/version_5.1-e/Event_Features.xsd" gml:id="M00001">
  <message:hasMember>
    <event:Event gml:id="uuid.cc1bdbc7-476c-4b04-81c0-8f5e7ccb454b">
      <gml:identifier codeSpace="urn:uuid:">cc1bdbc7-476c-4b04-81c0-8f5e7ccb454b</gml:identifier>
      <event:timeSlice>
        <event:EventTimeSlice gml:id="ID_51">
          <gml:validTime>
            <gml:TimeInstant gml:id="ID_52">
              <gml:timePosition>2016-08-28T06:00:00Z</gml:timePosition>
            </gml:TimeInstant>
          </gml:validTime>
          <aixm:interpretation>PERMDELTA</aixm:interpretation>
          <aixm:sequenceNumber>1</aixm:sequenceNumber>
          <aixm:featureLifetime>
            <gml:TimePeriod gml:id="ID_53">
              <gml:beginPosition>2016-08-28T06:00:00Z</gml:beginPosition>
              <gml:endPosition>2016-08-30T22:30:00Z</gml:endPosition>
            </gml:TimePeriod>
          </aixm:featureLifetime>
          <event:name>EBD04_20140630</event:name>
          <event:encoding>DIGITAL</event:encoding>
          <event:scenario>SAA.ACT</event:scenario>
          <event:version>2.0</event:version>
          <event:revision>2016-08-28T07:49:54</event:revision>
          <event:textNOTAM>
            <event:NOTAM gml:id="ID_54">
              <event:text>DANGER AREA LEB04 LEBEC ACTIVE, FOREST FIRE</event:text>
              <event:lowerLimit>SFC</event:lowerLimit>
              <event:upperLimit>FL170</event:upperLimit>
              <event:publisherNOF xlink:href="#uuid.6bdb97aa-3f04-41bc-ac10-64cede76b9ba" xlink:title="STATE NOTAM OFFICE" xsi:nil="true"/>
            </event:NOTAM>
          </event:textNOTAM>
        </event:EventTimeSlice>
      </event:timeSlice>
      <event:timeSlice>
        <event:EventTimeSlice gml:id="ID_56">
          <gml:validTime>
            <gml:TimePeriod gml:id="ID_57">
              <gml:beginPosition>2016-08-28T06:00:00Z</gml:beginPosition>
              <gml:endPosition>2016-08-30T22:30:00Z</gml:endPosition>
            </gml:TimePeriod>
          </gml:validTime>
          <aixm:interpretation>BASELINE</aixm:interpretation>
          <aixm:sequenceNumber>1</aixm:sequenceNumber>
          <aixm:featureLifetime>
            <gml:TimePeriod gml:id="ID_58">
              <gml:beginPosition>2016-08-28T06:00:00Z</gml:beginPosition>
              <gml:endPosition>2016-08-30T22:30:00Z</gml:endPosition>
            </gml:TimePeriod>
          </aixm:featureLifetime>
          <event:name>LEB04_20160828</event:name>
          <event:encoding>DIGITAL</event:encoding>
          <event:scenario>SAA.ACT</event:scenario>
          <event:version>2.0</event:version>
          <event:revision>2016-08-28T07:49:54</event:revision>
          <event:textNOTAM>
            <event:NOTAM gml:id="ID_55">
              <event:text>DANGER AREA LEB04 LEBEC ACTIVE, FOREST FIRE</event:text>
              <event:lowerLimit>SFC</event:lowerLimit>
              <event:upperLimit>FL170</event:upperLimit>
              <event:publisherNOF xlink:href="#uuid.6bdb97aa-3f04-41bc-ac10-64cede76b9ba" xlink:title="STATE NOTAM OFFICE" xsi:nil="true"/>
            </event:NOTAM>
          </event:textNOTAM>
        </event:EventTimeSlice>
      </event:timeSlice>
    </event:Event>
  </message:hasMember>
  <message:hasMember>
    <aixm:Airspace gml:id="uuid.28e6905-f99a-4ca7-a736-2c0787cdcf57">
      <gml:identifier codeSpace="urn:uuid:">028e6905-f99a-4ca7-a736-2c0787cdcf57</gml:identifier>
      <aixm:timeSlice>
        <aixm:AirspaceTimeSlice gml:id="ID_65">
          <gml:validTime>
            <gml:TimeInstant gml:id="ID_66">
              <gml:timePosition>2016-08-28T07:49:54Z</gml:timePosition>
            </gml:TimeInstant>
          </gml:validTime>
          <aixm:interpretation>SNAPSHOT</aixm:interpretation>
          <aixm:type>P</aixm:type>
          <aixm:activation>
            <aixm:AirspaceActivation gml:id="ID_72">
              <aixm:annotation>
                <aixm:Note gml:id="ID_74">
                  <aixm:purpose>REMARK</aixm:purpose>
                  <aixm:translatedNote>
                    <aixm:LinguisticNote gml:id="ID_75">
                      <aixm:note>SAR activities during fire fighting</aixm:note>
                    </aixm:LinguisticNote>
                  </aixm:translatedNote>
                </aixm:Note>
              </aixm:annotation>
              <aixm:annotation>
                <aixm:Note gml:id="ID_76">
                  <aixm:purpose>REMARK</aixm:purpose>
                  <aixm:translatedNote>
                    <aixm:LinguisticNote gml:id="ID_77">
                      <aixm:note>Prohibited for all manned military and civilian aircraft during fire fighting activity.</aixm:note>
                    </aixm:LinguisticNote>
                  </aixm:translatedNote>
                </aixm:Note>
              </aixm:annotation>
              <aixm:annotation>
                <aixm:Note gml:id="ID_78">
                  <aixm:purpose>REMARK</aixm:purpose>
                  <aixm:translatedNote>
                    <aixm:LinguisticNote gml:id="ID_79">
                      <aixm:note>More info can be obtained via EBMIZGZF.</aixm:note>
                    </aixm:LinguisticNote>
                  </aixm:translatedNote>
                </aixm:Note>
              </aixm:annotation>
              <aixm:activity>SAR</aixm:activity>
              <aixm:status>ACTIVE</aixm:status>
              <aixm:levels>
                <aixm:AirspaceLayer gml:id="ID_73">
                  <aixm:upperLimit uom="OTHER">CEILING</aixm:upperLimit>
                  <aixm:lowerLimit uom="OTHER">FLOOR</aixm:lowerLimit>
                </aixm:AirspaceLayer>
              </aixm:levels>
            </aixm:AirspaceActivation>
          </aixm:activation>
          <aixm:designator>LEB04</aixm:designator>
          <aixm:name>LEBEC</aixm:name>
          <aixm:geometryComponent>
            <aixm:AirspaceGeometryComponent gml:id="ID_67">
              <aixm:operationSequence>1</aixm:operationSequence>
              <aixm:theAirspaceVolume>
                <aixm:AirspaceVolume gml:id="ID_68">
                  <aixm:upperLimit uom="FL">170</aixm:upperLimit>
                  <aixm:upperLimitReference>OTHER</aixm:upperLimitReference>
                  <aixm:lowerLimit uom="FT">0</aixm:lowerLimit>
                  <aixm:lowerLimitReference>SFC</aixm:lowerLimitReference>
                  <aixm:horizontalProjection>
                    <aixm:Surface srsName="urn:ogc:def:crs:EPSG::4326" gml:id="ID_69">
                      <gml:patches>
                        <gml:PolygonPatch>
                          <gml:exterior>
                            <gml:LinearRing>
                              <gml:posList>39.6591305852 -120.498962
39.6539324027 -120.4306742699
39.6385399107 -120.3650405246
39.6135511551 -120.3046081577
39.5799361779 -120.2517162031
39.5389982318 -120.2084029051
39.492321933 -120.1763265688
39.4417106194 -120.1567028455
39.3891155914 -120.150260684
39.3365601759 -120.1572182088
39.2860616694 -120.1772788412
39.2395542 -120.2096471194
39.1988154043 -120.2530629445
39.1653995802 -120.3058523968
39.1405796606 -120.365992832
39.1252999822 -120.4311896579
39.1201414148 -120.498962
39.1252999822 -120.5667343421
39.1405796606 -120.631931168
39.1653995802 -120.6920716032
39.1988154043 -120.7448610555
39.2395542 -120.7882768806
39.2860616694 -120.8206451588
39.3365601759 -120.8407057912
39.3891155914 -120.847663316
39.4417106194 -120.8412211545
39.492321933 -120.8215974312
39.5389982318 -120.7895210949
39.5799361779 -120.7462077969
39.6135511551 -120.6933158423
39.6385399107 -120.6328834754
39.6539324027 -120.5672497301
39.6591305852 -120.498962</gml:posList>
                            </gml:LinearRing>
                          </gml:exterior>
                        </gml:PolygonPatch>
                      </gml:patches>
                    </aixm:Surface>
                  </aixm:horizontalProjection>
                </aixm:AirspaceVolume>
              </aixm:theAirspaceVolume>
            </aixm:AirspaceGeometryComponent>
          </aixm:geometryComponent>
        </aixm:AirspaceTimeSlice>
      </aixm:timeSlice>
      <aixm:timeSlice>
        <aixm:AirspaceTimeSlice gml:id="ID_70">
          <gml:validTime>
            <gml:TimePeriod gml:id="ID_71">
              <gml:beginPosition>2016-08-28T06:00:00Z</gml:beginPosition>
              <gml:endPosition>2016-08-30T22:30:00Z</gml:endPosition>
            </gml:TimePeriod>
          </gml:validTime>
          <aixm:interpretation>TEMPDELTA</aixm:interpretation>
          <aixm:sequenceNumber>1</aixm:sequenceNumber>
          <aixm:type>P</aixm:type> <!-- see coding rule referring to terms used in the information from originator that the area is prohibited -->
          <aixm:activation>
            <aixm:AirspaceActivation gml:id="ID_72">
              <aixm:annotation>
                <aixm:Note gml:id="ID_74">
                  <aixm:purpose>REMARK</aixm:purpose>
                  <aixm:translatedNote>
                    <aixm:LinguisticNote gml:id="ID_75">
                      <aixm:note>SAR activities during fire fighting</aixm:note>
                    </aixm:LinguisticNote>
                  </aixm:translatedNote>
                </aixm:Note>
              </aixm:annotation>
              <aixm:annotation>
                <aixm:Note gml:id="ID_76">
                  <aixm:purpose>REMARK</aixm:purpose>
                  <aixm:translatedNote>
                    <aixm:LinguisticNote gml:id="ID_77">
                      <aixm:note>Prohibited for all manned military and civilian aircraft during fire fighting activity.</aixm:note>
                    </aixm:LinguisticNote>
                  </aixm:translatedNote>
                </aixm:Note>
              </aixm:annotation>
              <aixm:annotation>
                <aixm:Note gml:id="ID_78">
                  <aixm:purpose>REMARK</aixm:purpose>
                  <aixm:translatedNote>
                    <aixm:LinguisticNote gml:id="ID_79">
                      <aixm:note>More info can be obtained via EBMIZGZF.</aixm:note>
                    </aixm:LinguisticNote>
                  </aixm:translatedNote>
                </aixm:Note>
              </aixm:annotation>
              <aixm:activity>SAR</aixm:activity>
              <aixm:status>ACTIVE</aixm:status>
              <aixm:levels>
                <aixm:AirspaceLayer gml:id="ID_73">
                  <aixm:upperLimit uom="OTHER">CEILING</aixm:upperLimit>
                  <aixm:lowerLimit uom="OTHER">FLOOR</aixm:lowerLimit>
                </aixm:AirspaceLayer>
              </aixm:levels>
            </aixm:AirspaceActivation>
          </aixm:activation>
          <aixm:extension>
            <event:AirspaceExtension gml:id="ID_80">
              <event:theEvent xlink:href="#uuid.cc1bdbc7-476c-4b04-81c0-8f5e7ccb454b" xsi:nil="true"/>
            </event:AirspaceExtension>
          </aixm:extension>
        </aixm:AirspaceTimeSlice>
      </aixm:timeSlice>
    </aixm:Airspace>
  </message:hasMember>
  <message:hasMember>
    <aixm:Unit gml:id="uuid.uuid.6bdb97aa-3f04-41bc-ac10-64cede76b9ba">
      <gml:identifier codeSpace="urn:uuid:">uuid.6bdb97aa-3f04-41bc-ac10-64cede76b9ba"</gml:identifier>
      <aixm:timeSlice>
        <aixm:UnitTimeSlice gml:id="ID_61">
          <gml:validTime>
            <gml:TimeInstant gml:id="ID_62">
              <gml:timePosition>2016-08-28T07:49:54Z</gml:timePosition>
            </gml:TimeInstant>
          </gml:validTime>
          <aixm:interpretation>SNAPSHOT</aixm:interpretation>
          <aixm:name>STATE NOTAM OFFICE</aixm:name>
          <aixm:type>NOF</aixm:type>
          <aixm:contact>
            <aixm:ContactInformation gml:id="ID_63">
              <aixm:phoneFax>
                <aixm:TelephoneContact gml:id="ID_64">
                  <aixm:voice>(12) 345 67 89</aixm:voice>
                </aixm:TelephoneContact>
              </aixm:phoneFax>
            </aixm:ContactInformation>
          </aixm:contact>
        </aixm:UnitTimeSlice>
      </aixm:timeSlice>
    </aixm:Unit>
  </message:hasMember>
</message:AIXMBasicMessage>
